c:\users\jmakh\documents\visual studio 2019\projects\github\foggs year 2\dx11-framework\bin\intermediates\win32debug\vc142.pdb
c:\users\jmakh\documents\visual studio 2019\projects\github\foggs year 2\dx11-framework\bin\intermediates\win32debug\vc142.idb
c:\users\jmakh\documents\visual studio 2019\projects\github\foggs year 2\dx11-framework\bin\intermediates\win32debug\planetobj.obj
c:\users\jmakh\documents\visual studio 2019\projects\github\foggs year 2\dx11-framework\bin\intermediates\win32debug\objloader.obj
c:\users\jmakh\documents\visual studio 2019\projects\github\foggs year 2\dx11-framework\bin\intermediates\win32debug\math3d.obj
c:\users\jmakh\documents\visual studio 2019\projects\github\foggs year 2\dx11-framework\bin\intermediates\win32debug\keyevent.obj
c:\users\jmakh\documents\visual studio 2019\projects\github\foggs year 2\dx11-framework\bin\intermediates\win32debug\keyboardclass.obj
c:\users\jmakh\documents\visual studio 2019\projects\github\foggs year 2\dx11-framework\bin\intermediates\win32debug\fpcamera.obj
c:\users\jmakh\documents\visual studio 2019\projects\github\foggs year 2\dx11-framework\bin\intermediates\win32debug\ddstextureloader.obj
c:\users\jmakh\documents\visual studio 2019\projects\github\foggs year 2\dx11-framework\bin\intermediates\win32debug\camera.obj
c:\users\jmakh\documents\visual studio 2019\projects\github\foggs year 2\dx11-framework\bin\intermediates\win32debug\baseshader.obj
c:\users\jmakh\documents\visual studio 2019\projects\github\foggs year 2\dx11-framework\bin\intermediates\win32debug\baseobjectobj.obj
c:\users\jmakh\documents\visual studio 2019\projects\github\foggs year 2\dx11-framework\bin\intermediates\win32debug\baseobject.obj
c:\users\jmakh\documents\visual studio 2019\projects\github\foggs year 2\dx11-framework\bin\intermediates\win32debug\application.obj
c:\users\jmakh\documents\visual studio 2019\projects\github\foggs year 2\dx11-framework\bin\intermediates\win32debug\mouseevent.obj
c:\users\jmakh\documents\visual studio 2019\projects\github\foggs year 2\dx11-framework\bin\intermediates\win32debug\mouseclass.obj
c:\users\jmakh\documents\visual studio 2019\projects\github\foggs year 2\dx11-framework\bin\intermediates\win32debug\gametime.obj
c:\users\jmakh\documents\visual studio 2019\projects\github\foggs year 2\dx11-framework\bin\intermediates\win32debug\playerpawn.obj
c:\users\jmakh\documents\visual studio 2019\projects\github\foggs year 2\dx11-framework\bin\intermediates\win32debug\dx11 framework.obj
c:\users\jmakh\documents\visual studio 2019\projects\github\foggs year 2\dx11-framework\bin\intermediates\win32debug\dx11 framework.ilk
c:\users\jmakh\documents\visual studio 2019\projects\github\foggs year 2\dx11-framework\bin\win32\debug\dx11 framework.exe
c:\users\jmakh\documents\visual studio 2019\projects\github\foggs year 2\dx11-framework\bin\win32\debug\dx11 framework.pdb
c:\users\jmakh\documents\visual studio 2019\projects\github\foggs year 2\dx11-framework\bin\intermediates\win32debug\dx11 framework.res
c:\users\jmakh\documents\visual studio 2019\projects\github\foggs year 2\dx11-framework\bin\intermediates\win32debug\dx11 framework.tlog\cl.command.1.tlog
c:\users\jmakh\documents\visual studio 2019\projects\github\foggs year 2\dx11-framework\bin\intermediates\win32debug\dx11 framework.tlog\cl.read.1.tlog
c:\users\jmakh\documents\visual studio 2019\projects\github\foggs year 2\dx11-framework\bin\intermediates\win32debug\dx11 framework.tlog\cl.write.1.tlog
c:\users\jmakh\documents\visual studio 2019\projects\github\foggs year 2\dx11-framework\bin\intermediates\win32debug\dx11 framework.tlog\link.command.1.tlog
c:\users\jmakh\documents\visual studio 2019\projects\github\foggs year 2\dx11-framework\bin\intermediates\win32debug\dx11 framework.tlog\link.read.1.tlog
c:\users\jmakh\documents\visual studio 2019\projects\github\foggs year 2\dx11-framework\bin\intermediates\win32debug\dx11 framework.tlog\link.write.1.tlog
c:\users\jmakh\documents\visual studio 2019\projects\github\foggs year 2\dx11-framework\bin\intermediates\win32debug\dx11 framework.tlog\rc.command.1.tlog
c:\users\jmakh\documents\visual studio 2019\projects\github\foggs year 2\dx11-framework\bin\intermediates\win32debug\dx11 framework.tlog\rc.read.1.tlog
c:\users\jmakh\documents\visual studio 2019\projects\github\foggs year 2\dx11-framework\bin\intermediates\win32debug\dx11 framework.tlog\rc.write.1.tlog
