C:\Program Files (x86)\Microsoft Visual Studio\2019\Professional\MSBuild\Microsoft\VC\v160\Microsoft.CppBuild.targets(504,5): warning MSB8004: Intermediate Directory does not end with a trailing slash.  This build instance will add the slash as it is required to allow proper evaluation of the Intermediate Directory.
C:\Program Files (x86)\Microsoft Visual Studio\2019\Professional\MSBuild\Microsoft\VC\v160\Microsoft.CppBuild.targets(505,5): warning MSB8004: Output Directory does not end with a trailing slash.  This build instance will add the slash as it is required to allow proper evaluation of the Output Directory.
  DX11 Framework.cpp
C:\Users\m017735i\OneDrive - Staffordshire University\Github\DX11-Framework-Updated\DX11-Framework\src\Vector3.h(25,24): warning C4244: '=': conversion from 'double' to 'float', possible loss of data
C:\Users\m017735i\OneDrive - Staffordshire University\Github\DX11-Framework-Updated\DX11-Framework\src\Vector3.h(68,62): warning C4244: 'return': conversion from 'double' to 'float', possible loss of data
C:\Users\m017735i\OneDrive - Staffordshire University\Github\DX11-Framework-Updated\DX11-Framework\src\Camera.h(50,39): warning C4100: 'dt': unreferenced formal parameter
C:\Users\m017735i\OneDrive - Staffordshire University\Github\DX11-Framework-Updated\DX11-Framework\src\Camera.h(53,35): warning C4100: 'angle': unreferenced formal parameter
C:\Users\m017735i\OneDrive - Staffordshire University\Github\DX11-Framework-Updated\DX11-Framework\src\Camera.h(54,35): warning C4100: 'angle': unreferenced formal parameter
C:\Users\m017735i\OneDrive - Staffordshire University\Github\DX11-Framework-Updated\DX11-Framework\src\Camera.h(56,32): warning C4100: 'force': unreferenced formal parameter
C:\Users\m017735i\OneDrive - Staffordshire University\Github\DX11-Framework-Updated\DX11-Framework\src\Camera.h(57,34): warning C4100: 'force': unreferenced formal parameter
C:\Users\m017735i\OneDrive - Staffordshire University\Github\DX11-Framework-Updated\DX11-Framework\src\KeyboardClass.h(27,57): warning C4834: discarding return value of function with 'nodiscard' attribute
C:\Users\m017735i\OneDrive - Staffordshire University\Github\DX11-Framework-Updated\DX11-Framework\src\KeyboardClass.h(27,79): warning C4834: discarding return value of function with 'nodiscard' attribute
C:\Users\m017735i\OneDrive - Staffordshire University\Github\DX11-Framework-Updated\DX11 Framework.cpp(10,42): warning C4316: 'Application': object allocated on the heap may not be aligned 16
  Appearance.cpp
C:\Users\m017735i\OneDrive - Staffordshire University\Github\DX11-Framework-Updated\DX11-Framework\src\Vector3.h(25,24): warning C4244: '=': conversion from 'double' to 'float', possible loss of data
C:\Users\m017735i\OneDrive - Staffordshire University\Github\DX11-Framework-Updated\DX11-Framework\src\Vector3.h(68,62): warning C4244: 'return': conversion from 'double' to 'float', possible loss of data
  Application.cpp
C:\Users\m017735i\OneDrive - Staffordshire University\Github\DX11-Framework-Updated\DX11-Framework\src\Vector3.h(25,24): warning C4244: '=': conversion from 'double' to 'float', possible loss of data
C:\Users\m017735i\OneDrive - Staffordshire University\Github\DX11-Framework-Updated\DX11-Framework\src\Vector3.h(68,62): warning C4244: 'return': conversion from 'double' to 'float', possible loss of data
C:\Users\m017735i\OneDrive - Staffordshire University\Github\DX11-Framework-Updated\DX11-Framework\src\Camera.h(50,39): warning C4100: 'dt': unreferenced formal parameter
C:\Users\m017735i\OneDrive - Staffordshire University\Github\DX11-Framework-Updated\DX11-Framework\src\Camera.h(53,35): warning C4100: 'angle': unreferenced formal parameter
C:\Users\m017735i\OneDrive - Staffordshire University\Github\DX11-Framework-Updated\DX11-Framework\src\Camera.h(54,35): warning C4100: 'angle': unreferenced formal parameter
C:\Users\m017735i\OneDrive - Staffordshire University\Github\DX11-Framework-Updated\DX11-Framework\src\Camera.h(56,32): warning C4100: 'force': unreferenced formal parameter
C:\Users\m017735i\OneDrive - Staffordshire University\Github\DX11-Framework-Updated\DX11-Framework\src\Camera.h(57,34): warning C4100: 'force': unreferenced formal parameter
C:\Users\m017735i\OneDrive - Staffordshire University\Github\DX11-Framework-Updated\DX11-Framework\src\KeyboardClass.h(27,57): warning C4834: discarding return value of function with 'nodiscard' attribute
C:\Users\m017735i\OneDrive - Staffordshire University\Github\DX11-Framework-Updated\DX11-Framework\src\KeyboardClass.h(27,79): warning C4834: discarding return value of function with 'nodiscard' attribute
C:\Users\m017735i\OneDrive - Staffordshire University\Github\DX11-Framework-Updated\DX11-Framework\src\Application.cpp(238,58): warning C4244: 'argument': conversion from 'UINT' to 'FLOAT', possible loss of data
C:\Users\m017735i\OneDrive - Staffordshire University\Github\DX11-Framework-Updated\DX11-Framework\src\Application.cpp(238,43): warning C4244: 'argument': conversion from 'UINT' to 'FLOAT', possible loss of data
C:\Users\m017735i\OneDrive - Staffordshire University\Github\DX11-Framework-Updated\DX11-Framework\src\Application.cpp(242,57): warning C4244: 'argument': conversion from 'UINT' to 'FLOAT', possible loss of data
C:\Users\m017735i\OneDrive - Staffordshire University\Github\DX11-Framework-Updated\DX11-Framework\src\Application.cpp(242,42): warning C4244: 'argument': conversion from 'UINT' to 'FLOAT', possible loss of data
C:\Users\m017735i\OneDrive - Staffordshire University\Github\DX11-Framework-Updated\DX11-Framework\src\Application.cpp(251,71): warning C4244: 'argument': conversion from 'UINT' to 'FLOAT', possible loss of data
C:\Users\m017735i\OneDrive - Staffordshire University\Github\DX11-Framework-Updated\DX11-Framework\src\Application.cpp(251,56): warning C4244: 'argument': conversion from 'UINT' to 'FLOAT', possible loss of data
C:\Users\m017735i\OneDrive - Staffordshire University\Github\DX11-Framework-Updated\DX11-Framework\src\Application.cpp(565,49): warning C4018: '>': signed/unsigned mismatch
C:\Users\m017735i\OneDrive - Staffordshire University\Github\DX11-Framework-Updated\DX11-Framework\src\Application.cpp(570,49): warning C4018: '>': signed/unsigned mismatch
C:\Users\m017735i\OneDrive - Staffordshire University\Github\DX11-Framework-Updated\DX11-Framework\src\Application.cpp(581,11): warning C4189: 't': local variable is initialized but not referenced
C:\Users\m017735i\OneDrive - Staffordshire University\Github\DX11-Framework-Updated\DX11-Framework\src\Application.cpp(722,50): warning C4244: 'argument': conversion from 'int' to 'const unsigned char', possible loss of data
  BaseShader.cpp
C:\Users\m017735i\OneDrive - Staffordshire University\Github\DX11-Framework-Updated\DX11-Framework\src\Vector3.h(25,24): warning C4244: '=': conversion from 'double' to 'float', possible loss of data
C:\Users\m017735i\OneDrive - Staffordshire University\Github\DX11-Framework-Updated\DX11-Framework\src\Vector3.h(68,62): warning C4244: 'return': conversion from 'double' to 'float', possible loss of data
  Camera.cpp
C:\Users\m017735i\OneDrive - Staffordshire University\Github\DX11-Framework-Updated\DX11-Framework\src\Vector3.h(25,24): warning C4244: '=': conversion from 'double' to 'float', possible loss of data
C:\Users\m017735i\OneDrive - Staffordshire University\Github\DX11-Framework-Updated\DX11-Framework\src\Vector3.h(68,62): warning C4244: 'return': conversion from 'double' to 'float', possible loss of data
C:\Users\m017735i\OneDrive - Staffordshire University\Github\DX11-Framework-Updated\DX11-Framework\src\Camera.h(50,39): warning C4100: 'dt': unreferenced formal parameter
C:\Users\m017735i\OneDrive - Staffordshire University\Github\DX11-Framework-Updated\DX11-Framework\src\Camera.h(53,35): warning C4100: 'angle': unreferenced formal parameter
C:\Users\m017735i\OneDrive - Staffordshire University\Github\DX11-Framework-Updated\DX11-Framework\src\Camera.h(54,35): warning C4100: 'angle': unreferenced formal parameter
C:\Users\m017735i\OneDrive - Staffordshire University\Github\DX11-Framework-Updated\DX11-Framework\src\Camera.h(56,32): warning C4100: 'force': unreferenced formal parameter
C:\Users\m017735i\OneDrive - Staffordshire University\Github\DX11-Framework-Updated\DX11-Framework\src\Camera.h(57,34): warning C4100: 'force': unreferenced formal parameter
C:\Users\m017735i\OneDrive - Staffordshire University\Github\DX11-Framework-Updated\DX11-Framework\src\Camera.cpp(16,62): warning C4100: 'rightVec': unreferenced formal parameter
  FPCamera.cpp
C:\Users\m017735i\OneDrive - Staffordshire University\Github\DX11-Framework-Updated\DX11-Framework\src\Vector3.h(25,24): warning C4244: '=': conversion from 'double' to 'float', possible loss of data
C:\Users\m017735i\OneDrive - Staffordshire University\Github\DX11-Framework-Updated\DX11-Framework\src\Vector3.h(68,62): warning C4244: 'return': conversion from 'double' to 'float', possible loss of data
C:\Users\m017735i\OneDrive - Staffordshire University\Github\DX11-Framework-Updated\DX11-Framework\src\Camera.h(50,39): warning C4100: 'dt': unreferenced formal parameter
C:\Users\m017735i\OneDrive - Staffordshire University\Github\DX11-Framework-Updated\DX11-Framework\src\Camera.h(53,35): warning C4100: 'angle': unreferenced formal parameter
C:\Users\m017735i\OneDrive - Staffordshire University\Github\DX11-Framework-Updated\DX11-Framework\src\Camera.h(54,35): warning C4100: 'angle': unreferenced formal parameter
C:\Users\m017735i\OneDrive - Staffordshire University\Github\DX11-Framework-Updated\DX11-Framework\src\Camera.h(56,32): warning C4100: 'force': unreferenced formal parameter
C:\Users\m017735i\OneDrive - Staffordshire University\Github\DX11-Framework-Updated\DX11-Framework\src\Camera.h(57,34): warning C4100: 'force': unreferenced formal parameter
C:\Users\m017735i\OneDrive - Staffordshire University\Github\DX11-Framework-Updated\DX11-Framework\src\KeyboardClass.h(27,57): warning C4834: discarding return value of function with 'nodiscard' attribute
C:\Users\m017735i\OneDrive - Staffordshire University\Github\DX11-Framework-Updated\DX11-Framework\src\KeyboardClass.h(27,79): warning C4834: discarding return value of function with 'nodiscard' attribute
  GameObject.cpp
C:\Users\m017735i\OneDrive - Staffordshire University\Github\DX11-Framework-Updated\DX11-Framework\src\Vector3.h(25,24): warning C4244: '=': conversion from 'double' to 'float', possible loss of data
C:\Users\m017735i\OneDrive - Staffordshire University\Github\DX11-Framework-Updated\DX11-Framework\src\Vector3.h(68,62): warning C4244: 'return': conversion from 'double' to 'float', possible loss of data
  Math3D.cpp
C:\Users\m017735i\OneDrive - Staffordshire University\Github\DX11-Framework-Updated\DX11-Framework\src\Vector3.h(25,24): warning C4244: '=': conversion from 'double' to 'float', possible loss of data
C:\Users\m017735i\OneDrive - Staffordshire University\Github\DX11-Framework-Updated\DX11-Framework\src\Vector3.h(68,62): warning C4244: 'return': conversion from 'double' to 'float', possible loss of data
  OBJLoader.cpp
C:\Users\m017735i\OneDrive - Staffordshire University\Github\DX11-Framework-Updated\DX11-Framework\src\Vector3.h(25,24): warning C4244: '=': conversion from 'double' to 'float', possible loss of data
C:\Users\m017735i\OneDrive - Staffordshire University\Github\DX11-Framework-Updated\DX11-Framework\src\Vector3.h(68,62): warning C4244: 'return': conversion from 'double' to 'float', possible loss of data
  ParticleModel.cpp
C:\Users\m017735i\OneDrive - Staffordshire University\Github\DX11-Framework-Updated\DX11-Framework\src\Vector3.h(25,24): warning C4244: '=': conversion from 'double' to 'float', possible loss of data
C:\Users\m017735i\OneDrive - Staffordshire University\Github\DX11-Framework-Updated\DX11-Framework\src\Vector3.h(68,62): warning C4244: 'return': conversion from 'double' to 'float', possible loss of data
C:\Users\m017735i\OneDrive - Staffordshire University\Github\DX11-Framework-Updated\DX11-Framework\src\KeyboardClass.h(27,57): warning C4834: discarding return value of function with 'nodiscard' attribute
C:\Users\m017735i\OneDrive - Staffordshire University\Github\DX11-Framework-Updated\DX11-Framework\src\KeyboardClass.h(27,79): warning C4834: discarding return value of function with 'nodiscard' attribute
C:\Users\m017735i\OneDrive - Staffordshire University\Github\DX11-Framework-Updated\DX11-Framework\src\ParticleModel.cpp(39,45): warning C4100: 'dt': unreferenced formal parameter
  PhysicsSystem.cpp
C:\Users\m017735i\OneDrive - Staffordshire University\Github\DX11-Framework-Updated\DX11-Framework\src\Vector3.h(25,24): warning C4244: '=': conversion from 'double' to 'float', possible loss of data
C:\Users\m017735i\OneDrive - Staffordshire University\Github\DX11-Framework-Updated\DX11-Framework\src\Vector3.h(68,62): warning C4244: 'return': conversion from 'double' to 'float', possible loss of data
  PlayerPawn.cpp
C:\Users\m017735i\OneDrive - Staffordshire University\Github\DX11-Framework-Updated\DX11-Framework\src\Vector3.h(25,24): warning C4244: '=': conversion from 'double' to 'float', possible loss of data
C:\Users\m017735i\OneDrive - Staffordshire University\Github\DX11-Framework-Updated\DX11-Framework\src\Vector3.h(68,62): warning C4244: 'return': conversion from 'double' to 'float', possible loss of data
C:\Users\m017735i\OneDrive - Staffordshire University\Github\DX11-Framework-Updated\DX11-Framework\src\Camera.h(50,39): warning C4100: 'dt': unreferenced formal parameter
C:\Users\m017735i\OneDrive - Staffordshire University\Github\DX11-Framework-Updated\DX11-Framework\src\Camera.h(53,35): warning C4100: 'angle': unreferenced formal parameter
C:\Users\m017735i\OneDrive - Staffordshire University\Github\DX11-Framework-Updated\DX11-Framework\src\Camera.h(54,35): warning C4100: 'angle': unreferenced formal parameter
C:\Users\m017735i\OneDrive - Staffordshire University\Github\DX11-Framework-Updated\DX11-Framework\src\Camera.h(56,32): warning C4100: 'force': unreferenced formal parameter
C:\Users\m017735i\OneDrive - Staffordshire University\Github\DX11-Framework-Updated\DX11-Framework\src\Camera.h(57,34): warning C4100: 'force': unreferenced formal parameter
C:\Users\m017735i\OneDrive - Staffordshire University\Github\DX11-Framework-Updated\DX11-Framework\src\PlayerPawn.cpp(9,50): warning C4244: 'argument': conversion from 'UINT' to 'FLOAT', possible loss of data
C:\Users\m017735i\OneDrive - Staffordshire University\Github\DX11-Framework-Updated\DX11-Framework\src\PlayerPawn.cpp(9,37): warning C4244: 'argument': conversion from 'UINT' to 'FLOAT', possible loss of data
C:\Users\m017735i\OneDrive - Staffordshire University\Github\DX11-Framework-Updated\DX11-Framework\src\PlayerPawn.cpp(10,49): warning C4244: 'argument': conversion from 'UINT' to 'FLOAT', possible loss of data
C:\Users\m017735i\OneDrive - Staffordshire University\Github\DX11-Framework-Updated\DX11-Framework\src\PlayerPawn.cpp(10,36): warning C4244: 'argument': conversion from 'UINT' to 'FLOAT', possible loss of data
C:\Users\m017735i\OneDrive - Staffordshire University\Github\DX11-Framework-Updated\DX11-Framework\src\PlayerPawn.cpp(4,33): warning C4100: 'meshData': unreferenced formal parameter
  TPCamera.cpp
C:\Users\m017735i\OneDrive - Staffordshire University\Github\DX11-Framework-Updated\DX11-Framework\src\Vector3.h(25,24): warning C4244: '=': conversion from 'double' to 'float', possible loss of data
C:\Users\m017735i\OneDrive - Staffordshire University\Github\DX11-Framework-Updated\DX11-Framework\src\Vector3.h(68,62): warning C4244: 'return': conversion from 'double' to 'float', possible loss of data
C:\Users\m017735i\OneDrive - Staffordshire University\Github\DX11-Framework-Updated\DX11-Framework\src\Camera.h(50,39): warning C4100: 'dt': unreferenced formal parameter
C:\Users\m017735i\OneDrive - Staffordshire University\Github\DX11-Framework-Updated\DX11-Framework\src\Camera.h(53,35): warning C4100: 'angle': unreferenced formal parameter
C:\Users\m017735i\OneDrive - Staffordshire University\Github\DX11-Framework-Updated\DX11-Framework\src\Camera.h(54,35): warning C4100: 'angle': unreferenced formal parameter
C:\Users\m017735i\OneDrive - Staffordshire University\Github\DX11-Framework-Updated\DX11-Framework\src\Camera.h(56,32): warning C4100: 'force': unreferenced formal parameter
C:\Users\m017735i\OneDrive - Staffordshire University\Github\DX11-Framework-Updated\DX11-Framework\src\Camera.h(57,34): warning C4100: 'force': unreferenced formal parameter
  Transform.cpp
C:\Users\m017735i\OneDrive - Staffordshire University\Github\DX11-Framework-Updated\DX11-Framework\src\Vector3.h(25,24): warning C4244: '=': conversion from 'double' to 'float', possible loss of data
C:\Users\m017735i\OneDrive - Staffordshire University\Github\DX11-Framework-Updated\DX11-Framework\src\Vector3.h(68,62): warning C4244: 'return': conversion from 'double' to 'float', possible loss of data
C:\Users\m017735i\OneDrive - Staffordshire University\Github\DX11-Framework-Updated\DX11-Framework\src\Transform.cpp(11,34): warning C4100: 'parent': unreferenced formal parameter
  Generating Code...
C:\Users\m017735i\OneDrive - Staffordshire University\Github\DX11-Framework-Updated\DX11-Framework\src\BaseShader.cpp(100): warning C4715: 'BaseShader::CreateVertexShader': not all control paths return a value
C:\Users\m017735i\OneDrive - Staffordshire University\Github\DX11-Framework-Updated\DX11-Framework\src\BaseShader.cpp(121): warning C4715: 'BaseShader::CreatePixelShader': not all control paths return a value
  DX11 Framework.vcxproj -> C:\Users\m017735i\OneDrive - Staffordshire University\Github\DX11-Framework-Updated\bin\Win32\Debug\DX11 Framework.exe
